[2021-04-25 14:43:24,253] multiqc                                            [DEBUG  ]  No MultiQC config found: /scratch/samcarli/GSM1348541_MCF7_rnaseq/.snakemake/conda/552f10a8/lib/python3.9/site-packages/multiqc_config.yaml
[2021-04-25 14:43:24,253] multiqc                                            [DEBUG  ]  No MultiQC config found: /home/samcarli/.multiqc_config.yaml
[2021-04-25 14:43:24,254] multiqc                                            [DEBUG  ]  No MultiQC config found: multiqc_config.yaml
[2021-04-25 14:43:24,254] multiqc                                            [DEBUG  ]  Command used: /scratch/samcarli/GSM1348541_MCF7_rnaseq/.snakemake/conda/552f10a8/bin/multiqc -f fastqc -o multiqc_fastqc
[2021-04-25 14:43:26,423] multiqc                                            [WARNING]  MultiQC Version v1.10.1 now available!
[2021-04-25 14:43:26,424] multiqc                                            [INFO   ]  This is MultiQC v1.9
[2021-04-25 14:43:26,424] multiqc                                            [DEBUG  ]  Command     : /scratch/samcarli/GSM1348541_MCF7_rnaseq/.snakemake/conda/552f10a8/bin/multiqc -f fastqc -o multiqc_fastqc
[2021-04-25 14:43:26,424] multiqc                                            [DEBUG  ]  Working dir : /scratch/samcarli/GSM1348541_MCF7_rnaseq
[2021-04-25 14:43:26,424] multiqc                                            [INFO   ]  Template    : default
[2021-04-25 14:43:26,424] multiqc                                            [DEBUG  ]  Running Python 3.9.0 | packaged by conda-forge | (default, Oct 14 2020, 22:59:50)  [GCC 7.5.0]
[2021-04-25 14:43:26,424] multiqc                                            [INFO   ]  Searching   : /scratch/samcarli/GSM1348541_MCF7_rnaseq/fastqc
[2021-04-25 14:43:26,424] multiqc                                            [DEBUG  ]  Analysing modules: custom_content, conpair, peddy, somalier, methylQA, mosdepth, phantompeakqualtools, qualimap, preseq, quast, qorts, rna_seqc, rockhopper, rsem, rseqc, busco, goleft_indexcov, disambiguate, supernova, deeptools, sargasso, verifybamid, mirtrace, happy, mirtop, homer, macs2, theta2, snpeff, gatk, htseq, bcftools, featureCounts, fgbio, dragen, dedup, damageprofiler, biobambam2, mtnucratio, picard, prokka, samblaster, samtools, sexdeterrmine, bamtools, jellyfish, vcftools, longranger, stacks, varscan2, bbmap, bismark, biscuit, hicexplorer, hicup, hicpro, salmon, kallisto, slamdunk, star, hisat2, tophat, bowtie2, bowtie1, snpsplit, kat, leehom, adapterRemoval, clipandmerge, cutadapt, flexbar, kaiju, kraken, malt, trimmomatic, sickle, skewer, sortmerna, biobloomtools, fastq_screen, afterqc, fastp, fastqc, pycoqc, minionqc, multivcfanalyzer, clusterflow, bcl2fastq, interop, ivar, flash, seqyclean
[2021-04-25 14:43:26,424] multiqc                                            [DEBUG  ]  Using temporary directory for creating report: /tmp/tmp2zp84uja
[2021-04-25 14:43:26,775] multiqc                                            [DEBUG  ]  File ignored by hicexplorer because it exceeded search pattern filesize limit: SRR1193566_fastqc.html
[2021-04-25 14:43:26,777] multiqc                                            [DEBUG  ]  File ignored by longranger/invocation because it exceeded search pattern filesize limit: SRR1193566_fastqc.html
[2021-04-25 14:43:26,777] multiqc                                            [DEBUG  ]  File ignored by rockhopper because it exceeded search pattern filesize limit: SRR1193566_fastqc.html
[2021-04-25 14:43:26,778] multiqc                                            [DEBUG  ]  File ignored by rseqc/bam_stat because it exceeded search pattern filesize limit: SRR1193566_fastqc.html
[2021-04-25 14:43:26,778] multiqc                                            [DEBUG  ]  File ignored by rseqc/junction_annotation because it exceeded search pattern filesize limit: SRR1193566_fastqc.html
[2021-04-25 14:43:26,778] multiqc                                            [DEBUG  ]  File ignored by rseqc/read_distribution because it exceeded search pattern filesize limit: SRR1193566_fastqc.html
[2021-04-25 14:43:26,778] multiqc                                            [DEBUG  ]  File ignored by rseqc/infer_experiment because it exceeded search pattern filesize limit: SRR1193566_fastqc.html
[2021-04-25 14:43:26,881] multiqc                                            [DEBUG  ]  File ignored by hicexplorer because it exceeded search pattern filesize limit: SRR1193565_fastqc.html
[2021-04-25 14:43:26,883] multiqc                                            [DEBUG  ]  File ignored by longranger/invocation because it exceeded search pattern filesize limit: SRR1193565_fastqc.html
[2021-04-25 14:43:26,883] multiqc                                            [DEBUG  ]  File ignored by rockhopper because it exceeded search pattern filesize limit: SRR1193565_fastqc.html
[2021-04-25 14:43:26,883] multiqc                                            [DEBUG  ]  File ignored by rseqc/bam_stat because it exceeded search pattern filesize limit: SRR1193565_fastqc.html
[2021-04-25 14:43:26,883] multiqc                                            [DEBUG  ]  File ignored by rseqc/junction_annotation because it exceeded search pattern filesize limit: SRR1193565_fastqc.html
[2021-04-25 14:43:26,883] multiqc                                            [DEBUG  ]  File ignored by rseqc/read_distribution because it exceeded search pattern filesize limit: SRR1193565_fastqc.html
[2021-04-25 14:43:26,883] multiqc                                            [DEBUG  ]  File ignored by rseqc/infer_experiment because it exceeded search pattern filesize limit: SRR1193565_fastqc.html
[2021-04-25 14:43:26,945] multiqc                                            [DEBUG  ]  File ignored by hicexplorer because it exceeded search pattern filesize limit: SRR1193564_fastqc.html
[2021-04-25 14:43:26,947] multiqc                                            [DEBUG  ]  File ignored by longranger/invocation because it exceeded search pattern filesize limit: SRR1193564_fastqc.html
[2021-04-25 14:43:26,947] multiqc                                            [DEBUG  ]  File ignored by rockhopper because it exceeded search pattern filesize limit: SRR1193564_fastqc.html
[2021-04-25 14:43:26,947] multiqc                                            [DEBUG  ]  File ignored by rseqc/bam_stat because it exceeded search pattern filesize limit: SRR1193564_fastqc.html
[2021-04-25 14:43:26,947] multiqc                                            [DEBUG  ]  File ignored by rseqc/junction_annotation because it exceeded search pattern filesize limit: SRR1193564_fastqc.html
[2021-04-25 14:43:26,947] multiqc                                            [DEBUG  ]  File ignored by rseqc/read_distribution because it exceeded search pattern filesize limit: SRR1193564_fastqc.html
[2021-04-25 14:43:26,947] multiqc                                            [DEBUG  ]  File ignored by rseqc/infer_experiment because it exceeded search pattern filesize limit: SRR1193564_fastqc.html
[2021-04-25 14:43:27,034] multiqc                                            [DEBUG  ]  File ignored by hicexplorer because it exceeded search pattern filesize limit: SRR1193567_fastqc.html
[2021-04-25 14:43:27,036] multiqc                                            [DEBUG  ]  File ignored by longranger/invocation because it exceeded search pattern filesize limit: SRR1193567_fastqc.html
[2021-04-25 14:43:27,036] multiqc                                            [DEBUG  ]  File ignored by rockhopper because it exceeded search pattern filesize limit: SRR1193567_fastqc.html
[2021-04-25 14:43:27,036] multiqc                                            [DEBUG  ]  File ignored by rseqc/bam_stat because it exceeded search pattern filesize limit: SRR1193567_fastqc.html
[2021-04-25 14:43:27,036] multiqc                                            [DEBUG  ]  File ignored by rseqc/junction_annotation because it exceeded search pattern filesize limit: SRR1193567_fastqc.html
[2021-04-25 14:43:27,037] multiqc                                            [DEBUG  ]  File ignored by rseqc/read_distribution because it exceeded search pattern filesize limit: SRR1193567_fastqc.html
[2021-04-25 14:43:27,037] multiqc                                            [DEBUG  ]  File ignored by rseqc/infer_experiment because it exceeded search pattern filesize limit: SRR1193567_fastqc.html
[2021-04-25 14:43:28,457] multiqc.plots.bargraph                             [DEBUG  ]  Using matplotlib version 3.3.3
[2021-04-25 14:43:28,461] multiqc.plots.linegraph                            [DEBUG  ]  Using matplotlib version 3.3.3
[2021-04-25 14:43:28,464] multiqc                                            [DEBUG  ]  No samples found: custom_content
[2021-04-25 14:43:28,491] multiqc                                            [DEBUG  ]  No samples found: conpair
[2021-04-25 14:43:28,498] multiqc                                            [DEBUG  ]  No samples found: peddy
[2021-04-25 14:43:28,505] multiqc                                            [DEBUG  ]  No samples found: somalier
[2021-04-25 14:43:28,528] multiqc                                            [DEBUG  ]  No samples found: methylQA
[2021-04-25 14:43:28,548] multiqc                                            [DEBUG  ]  No samples found: mosdepth
[2021-04-25 14:43:28,554] multiqc                                            [DEBUG  ]  No samples found: phantompeakqualtools
[2021-04-25 14:43:28,558] multiqc                                            [DEBUG  ]  No samples found: qualimap
[2021-04-25 14:43:28,573] multiqc                                            [DEBUG  ]  No samples found: preseq
[2021-04-25 14:43:28,581] multiqc                                            [DEBUG  ]  No samples found: quast
[2021-04-25 14:43:28,588] multiqc                                            [DEBUG  ]  No samples found: qorts
[2021-04-25 14:43:28,602] multiqc                                            [DEBUG  ]  No samples found: rna_seqc
[2021-04-25 14:43:28,626] multiqc                                            [DEBUG  ]  No samples found: rockhopper
[2021-04-25 14:43:28,633] multiqc                                            [DEBUG  ]  No samples found: rsem
[2021-04-25 14:43:28,657] multiqc                                            [DEBUG  ]  No samples found: rseqc
[2021-04-25 14:43:28,664] multiqc                                            [DEBUG  ]  No samples found: busco
[2021-04-25 14:43:28,672] multiqc                                            [DEBUG  ]  No samples found: goleft_indexcov
[2021-04-25 14:43:28,678] multiqc                                            [DEBUG  ]  No samples found: disambiguate
[2021-04-25 14:43:28,685] multiqc                                            [DEBUG  ]  No samples found: supernova
[2021-04-25 14:43:28,714] multiqc                                            [DEBUG  ]  No samples found: deeptools
[2021-04-25 14:43:28,753] multiqc                                            [DEBUG  ]  No samples found: sargasso
[2021-04-25 14:43:28,774] multiqc                                            [DEBUG  ]  No samples found: verifybamid
[2021-04-25 14:43:28,781] multiqc                                            [DEBUG  ]  No samples found: mirtrace
[2021-04-25 14:43:28,811] multiqc                                            [DEBUG  ]  No samples found: happy
[2021-04-25 14:43:28,818] multiqc                                            [DEBUG  ]  No samples found: mirtop
[2021-04-25 14:43:28,850] multiqc                                            [DEBUG  ]  No samples found: homer
[2021-04-25 14:43:28,915] multiqc                                            [DEBUG  ]  No samples found: macs2
[2021-04-25 14:43:28,922] multiqc                                            [DEBUG  ]  No samples found: theta2
[2021-04-25 14:43:28,947] multiqc                                            [DEBUG  ]  No samples found: snpeff
[2021-04-25 14:43:28,958] multiqc                                            [DEBUG  ]  No samples found: gatk
[2021-04-25 14:43:28,964] multiqc                                            [DEBUG  ]  No samples found: htseq
[2021-04-25 14:43:28,972] multiqc                                            [DEBUG  ]  No samples found: bcftools
[2021-04-25 14:43:28,978] multiqc                                            [DEBUG  ]  No samples found: featureCounts
[2021-04-25 14:43:28,987] multiqc                                            [DEBUG  ]  No samples found: fgbio
[2021-04-25 14:43:29,043] multiqc                                            [DEBUG  ]  No samples found: dragen
[2021-04-25 14:43:29,050] multiqc                                            [DEBUG  ]  No samples found: dedup
[2021-04-25 14:43:29,071] multiqc                                            [DEBUG  ]  No samples found: damageprofiler
[2021-04-25 14:43:29,231] multiqc                                            [DEBUG  ]  No samples found: biobambam2
[2021-04-25 14:43:29,238] multiqc                                            [DEBUG  ]  No samples found: mtnucratio
[2021-04-25 14:43:29,240] multiqc                                            [DEBUG  ]  No samples found: picard
[2021-04-25 14:43:29,248] multiqc                                            [DEBUG  ]  No samples found: prokka
[2021-04-25 14:43:29,255] multiqc                                            [DEBUG  ]  No samples found: samblaster
[2021-04-25 14:43:29,311] multiqc                                            [DEBUG  ]  No samples found: samtools
[2021-04-25 14:43:29,317] multiqc                                            [DEBUG  ]  No samples found: sexdeterrmine
[2021-04-25 14:43:29,325] multiqc                                            [DEBUG  ]  No samples found: bamtools
[2021-04-25 14:43:29,331] multiqc                                            [DEBUG  ]  No samples found: jellyfish
[2021-04-25 14:43:29,343] multiqc                                            [DEBUG  ]  No samples found: vcftools
[2021-04-25 14:43:29,351] multiqc                                            [DEBUG  ]  No samples found: longranger
[2021-04-25 14:43:29,368] multiqc                                            [DEBUG  ]  No samples found: stacks
[2021-04-25 14:43:29,375] multiqc                                            [DEBUG  ]  No samples found: varscan2
[2021-04-25 14:43:29,397] multiqc                                            [DEBUG  ]  No samples found: bbmap
[2021-04-25 14:43:29,410] multiqc                                            [DEBUG  ]  No samples found: bismark
[2021-04-25 14:43:29,437] multiqc                                            [DEBUG  ]  No samples found: biscuit
[2021-04-25 14:43:29,445] multiqc                                            [DEBUG  ]  No samples found: hicexplorer
[2021-04-25 14:43:29,473] multiqc                                            [DEBUG  ]  No samples found: hicup
[2021-04-25 14:43:29,539] multiqc                                            [DEBUG  ]  No samples found: hicpro
[2021-04-25 14:43:29,546] multiqc                                            [DEBUG  ]  No samples found: salmon
[2021-04-25 14:43:29,552] multiqc                                            [DEBUG  ]  No samples found: kallisto
[2021-04-25 14:43:29,560] multiqc                                            [DEBUG  ]  No samples found: slamdunk
[2021-04-25 14:43:29,587] multiqc                                            [DEBUG  ]  No samples found: star
[2021-04-25 14:43:29,618] multiqc                                            [DEBUG  ]  No samples found: hisat2
[2021-04-25 14:43:29,645] multiqc                                            [DEBUG  ]  No samples found: tophat
[2021-04-25 14:43:29,655] multiqc                                            [DEBUG  ]  No samples found: bowtie2
[2021-04-25 14:43:29,671] multiqc                                            [DEBUG  ]  No samples found: bowtie1
[2021-04-25 14:43:29,678] multiqc                                            [DEBUG  ]  No samples found: snpsplit
[2021-04-25 14:43:29,685] multiqc                                            [DEBUG  ]  No samples found: kat
[2021-04-25 14:43:29,691] multiqc                                            [DEBUG  ]  No samples found: leehom
[2021-04-25 14:43:29,698] multiqc                                            [DEBUG  ]  No samples found: adapterRemoval
[2021-04-25 14:43:29,705] multiqc                                            [DEBUG  ]  No samples found: clipandmerge
[2021-04-25 14:43:29,713] multiqc                                            [DEBUG  ]  No samples found: cutadapt
[2021-04-25 14:43:29,719] multiqc                                            [DEBUG  ]  No samples found: flexbar
[2021-04-25 14:43:29,732] multiqc                                            [DEBUG  ]  No samples found: kaiju
[2021-04-25 14:43:29,754] multiqc                                            [DEBUG  ]  No samples found: kraken
[2021-04-25 14:43:29,767] multiqc                                            [DEBUG  ]  No samples found: malt
[2021-04-25 14:43:29,800] multiqc                                            [DEBUG  ]  No samples found: trimmomatic
[2021-04-25 14:43:29,807] multiqc                                            [DEBUG  ]  No samples found: sickle
[2021-04-25 14:43:29,815] multiqc                                            [DEBUG  ]  No samples found: skewer
[2021-04-25 14:43:29,821] multiqc                                            [DEBUG  ]  No samples found: sortmerna
[2021-04-25 14:43:29,828] multiqc                                            [DEBUG  ]  No samples found: biobloomtools
[2021-04-25 14:43:29,835] multiqc                                            [DEBUG  ]  No samples found: fastq_screen
[2021-04-25 14:43:29,843] multiqc                                            [DEBUG  ]  No samples found: afterqc
[2021-04-25 14:43:29,850] multiqc                                            [DEBUG  ]  No samples found: fastp
[2021-04-25 14:43:30,010] multiqc.modules.fastqc.fastqc                      [INFO   ]  Found 4 reports
[2021-04-25 14:43:30,085] multiqc                                            [DEBUG  ]  No samples found: pycoqc
[2021-04-25 14:43:30,092] multiqc                                            [DEBUG  ]  No samples found: minionqc
[2021-04-25 14:43:30,109] multiqc                                            [DEBUG  ]  No samples found: multivcfanalyzer
[2021-04-25 14:43:30,116] multiqc                                            [DEBUG  ]  No samples found: clusterflow
[2021-04-25 14:43:30,123] multiqc                                            [DEBUG  ]  No samples found: bcl2fastq
[2021-04-25 14:43:30,142] multiqc                                            [DEBUG  ]  No samples found: interop
[2021-04-25 14:43:30,149] multiqc                                            [DEBUG  ]  No samples found: ivar
[2021-04-25 14:43:30,219] multiqc                                            [DEBUG  ]  No samples found: flash
[2021-04-25 14:43:30,227] multiqc                                            [DEBUG  ]  No samples found: seqyclean
[2021-04-25 14:43:30,233] multiqc                                            [INFO   ]  Compressing plot data
[2021-04-25 14:43:30,299] multiqc                                            [INFO   ]  Report      : multiqc_fastqc/multiqc_report.html
[2021-04-25 14:43:30,299] multiqc                                            [INFO   ]  Data        : multiqc_fastqc/multiqc_data
[2021-04-25 14:43:30,299] multiqc                                            [DEBUG  ]  Moving data file from '/tmp/tmp2zp84uja/multiqc_data' to 'multiqc_fastqc/multiqc_data'
[2021-04-25 14:43:30,597] multiqc                                            [INFO   ]  MultiQC complete
